#
# There is insufficient memory for the Java Runtime Environment to continue.
# Native memory allocation (malloc) failed to allocate 1048576 bytes for AllocateHeap
# Possible reasons:
#   The system is out of physical RAM or swap space
#   The process is running with CompressedOops enabled, and the Java Heap may be blocking the growth of the native heap
# Possible solutions:
#   Reduce memory load on the system
#   Increase physical memory or swap space
#   Check if swap backing store is full
#   Decrease Java heap size (-Xmx/-Xms)
#   Decrease number of Java threads
#   Decrease Java thread stack sizes (-Xss)
#   Set larger code cache with -XX:ReservedCodeCacheSize=
#   JVM is running with Zero Based Compressed Oops mode in which the Java heap is
#     placed in the first 32GB address space. The Java Heap base address is the
#     maximum limit for the native heap growth. Please use -XX:HeapBaseMinAddress
#     to set the Java Heap base and to place the Java Heap above 32GB virtual address.
# This output file may be truncated or incomplete.
#
#  Out of Memory Error (allocation.cpp:44), pid=12084, tid=37372
#
# JRE version:  (17.0.8+9) (build )
# Java VM: Java HotSpot(TM) 64-Bit Server VM (17.0.8+9-LTS-211, mixed mode, sharing, tiered, compressed oops, compressed class ptrs, g1 gc, windows-amd64)
# No core dump will be written. Minidumps are not enabled by default on client versions of Windows
#

---------------  S U M M A R Y ------------

Command Line: LengthOfLongestConsecutiveOnes

Host: AMD Ryzen 7 5800H with Radeon Graphics         , 16 cores, 15G,  Windows 11 , 64 bit Build 26100 (10.0.26100.7309)
Time: Mon Dec 22 16:46:29 2025 India Standard Time elapsed time: 0.014411 seconds (0d 0h 0m 0s)

---------------  T H R E A D  ---------------

Current thread (0x0000029903f64ed0):  JavaThread "Unknown thread" [_thread_in_vm, id=37372, stack(0x000000ab2ab00000,0x000000ab2ac00000)]

Stack: [0x000000ab2ab00000,0x000000ab2ac00000]
Native frames: (J=compiled Java code, j=interpreted, Vv=VM code, C=native code)
V  [jvm.dll+0x677d0a]
V  [jvm.dll+0x7d8c54]
V  [jvm.dll+0x7da3fe]
V  [jvm.dll+0x7daa63]
V  [jvm.dll+0x245c5f]
V  [jvm.dll+0xa50e3]
V  [jvm.dll+0x2e360e]
V  [jvm.dll+0x2db32b]
V  [jvm.dll+0x7aa711]
V  [jvm.dll+0x367b51]
V  [jvm.dll+0x789979]
V  [jvm.dll+0x3eb05f]
V  [jvm.dll+0x3ecae1]
C  [jli.dll+0x5297]
C  [ucrtbase.dll+0x37b0]
C  [KERNEL32.DLL+0x2e8d7]
C  [ntdll.dll+0x8c53c]


---------------  P R O C E S S  ---------------

Threads class SMR info:
_java_thread_list=0x00007ffadd4359d8, length=0, elements={
}

Java Threads: ( => current thread )

Other Threads:
  0x0000029903fcd450 GCTaskThread "GC Thread#0" [stack: 0x000000ab2ac00000,0x000000ab2ad00000] [id=41516]

[error occurred during error reporting (printing all threads), id 0xc0000005, EXCEPTION_ACCESS_VIOLATION (0xc0000005) at pc=0x00007ffadcc68580]

VM state: not at safepoint (not fully initialized)

VM Mutex/Monitor currently owned by a thread:  ([mutex/lock_event])
[0x0000029903f61500] Heap_lock - owner thread: 0x0000029903f64ed0

Heap address: 0x000000070a400000, size: 3932 MB, Compressed Oops mode: Zero based, Oop shift amount: 3

CDS archive(s) mapped at: [0x0000000000000000-0x0000000000000000-0x0000000000000000), size 0, SharedBaseAddress: 0x0000000800000000, ArchiveRelocationMode: 1.
Narrow klass base: 0x0000000000000000, Narrow klass shift: 0, Narrow klass range: 0x0

GC Precious Log:
<Empty>

Heap:
 garbage-first heap   total 0K, used 0K [0x000000070a400000, 0x0000000800000000)
  region size 2048K, 0 young (0K), 0 survivors (0K)

[error occurred during error reporting (printing heap information), id 0xc0000005, EXCEPTION_ACCESS_VIOLATION (0xc0000005) at pc=0x00007ffadd051499]

GC Heap History (0 events):
No events

Deoptimization events (0 events):
No events

Classes unloaded (0 events):
No events

Classes redefined (0 events):
No events

Internal exceptions (0 events):
No events

VM Operations (0 events):
No events

Events (1 events):
Event: 0.009 Loaded shared library C:\Program Files\Java\jdk-17\bin\java.dll


Dynamic libraries:
0x00007ff6787f0000 - 0x00007ff678800000 	C:\Program Files\Java\jdk-17\bin\java.exe
0x00007ffbbbb60000 - 0x00007ffbbbdc7000 	C:\WINDOWS\SYSTEM32\ntdll.dll
0x00007ffbba1b0000 - 0x00007ffbba279000 	C:\WINDOWS\System32\KERNEL32.DLL
0x00007ffbb91a0000 - 0x00007ffbb958f000 	C:\WINDOWS\System32\KERNELBASE.dll
0x00007ffbb8ed0000 - 0x00007ffbb901b000 	C:\WINDOWS\System32\ucrtbase.dll
0x00007ffba0ef0000 - 0x00007ffba0f09000 	C:\Program Files\Java\jdk-17\bin\jli.dll
0x00007ffb82960000 - 0x00007ffb8297b000 	C:\Program Files\Java\jdk-17\bin\VCRUNTIME140.dll
0x00007ffbba2f0000 - 0x00007ffbba3a4000 	C:\WINDOWS\System32\ADVAPI32.dll
0x00007ffbbaa70000 - 0x00007ffbbab19000 	C:\WINDOWS\System32\msvcrt.dll
0x00007ffbba3b0000 - 0x00007ffbba456000 	C:\WINDOWS\System32\sechost.dll
0x00007ffbbac30000 - 0x00007ffbbad48000 	C:\WINDOWS\System32\RPCRT4.dll
0x00007ffbbb5a0000 - 0x00007ffbbb765000 	C:\WINDOWS\System32\USER32.dll
0x00007ffbb9840000 - 0x00007ffbb9867000 	C:\WINDOWS\System32\win32u.dll
0x00007ffba8d30000 - 0x00007ffba8fc3000 	C:\WINDOWS\WinSxS\amd64_microsoft.windows.common-controls_6595b64144ccf1df_6.0.26100.7309_none_3e05feeae336a044\COMCTL32.dll
0x00007ffbbb770000 - 0x00007ffbbb79b000 	C:\WINDOWS\System32\GDI32.dll
0x00007ffbb95a0000 - 0x00007ffbb96cc000 	C:\WINDOWS\System32\gdi32full.dll
0x00007ffbb8e20000 - 0x00007ffbb8ec3000 	C:\WINDOWS\System32\msvcp_win.dll
0x00007ffbb22d0000 - 0x00007ffbb22db000 	C:\WINDOWS\SYSTEM32\VERSION.dll
0x00007ffbbb560000 - 0x00007ffbbb591000 	C:\WINDOWS\System32\IMM32.DLL
0x00007ffbb0390000 - 0x00007ffbb039c000 	C:\Program Files\Java\jdk-17\bin\vcruntime140_1.dll
0x00007ffb44f30000 - 0x00007ffb44fbe000 	C:\Program Files\Java\jdk-17\bin\msvcp140.dll
0x00007ffadc980000 - 0x00007ffadd55e000 	C:\Program Files\Java\jdk-17\bin\server\jvm.dll
0x00007ffbbbb10000 - 0x00007ffbbbb18000 	C:\WINDOWS\System32\PSAPI.DLL
0x00007ffbaebc0000 - 0x00007ffbaebf5000 	C:\WINDOWS\SYSTEM32\WINMM.dll
0x00007ffb8b3e0000 - 0x00007ffb8b3ea000 	C:\WINDOWS\SYSTEM32\WSOCK32.dll
0x00007ffbbb860000 - 0x00007ffbbb8d4000 	C:\WINDOWS\System32\WS2_32.dll
0x00007ffbb7a60000 - 0x00007ffbb7a7b000 	C:\WINDOWS\SYSTEM32\kernel.appcore.dll
0x00007ffbafdf0000 - 0x00007ffbafdfa000 	C:\Program Files\Java\jdk-17\bin\jimage.dll
0x00007ffbb0810000 - 0x00007ffbb0a52000 	C:\WINDOWS\SYSTEM32\DBGHELP.DLL
0x00007ffbba460000 - 0x00007ffbba7e5000 	C:\WINDOWS\System32\combase.dll
0x00007ffbba910000 - 0x00007ffbba9e6000 	C:\WINDOWS\System32\OLEAUT32.dll
0x00007ffba14f0000 - 0x00007ffba152c000 	C:\WINDOWS\SYSTEM32\dbgcore.DLL
0x00007ffbb8cb0000 - 0x00007ffbb8d55000 	C:\WINDOWS\System32\bcryptPrimitives.dll
0x00007ffb6fcc0000 - 0x00007ffb6fce5000 	C:\Program Files\Java\jdk-17\bin\java.dll

dbghelp: loaded successfully - version: 4.0.5 - missing functions: none
symbol engine: initialized successfully - sym options: 0x614 - pdb path: .;C:\Program Files\Java\jdk-17\bin;C:\WINDOWS\SYSTEM32;C:\WINDOWS\WinSxS\amd64_microsoft.windows.common-controls_6595b64144ccf1df_6.0.26100.7309_none_3e05feeae336a044;C:\Program Files\Java\jdk-17\bin\server

VM Arguments:
java_command: LengthOfLongestConsecutiveOnes
java_class_path (initial): .
Launcher Type: SUN_STANDARD

[Global flags]
     intx CICompilerCount                          = 12                                        {product} {ergonomic}
     uint ConcGCThreads                            = 3                                         {product} {ergonomic}
     uint G1ConcRefinementThreads                  = 13                                        {product} {ergonomic}
   size_t G1HeapRegionSize                         = 2097152                                   {product} {ergonomic}
    uintx GCDrainStackTargetSize                   = 64                                        {product} {ergonomic}
   size_t InitialHeapSize                          = 257949696                                 {product} {ergonomic}
   size_t MarkStackSize                            = 4194304                                   {product} {ergonomic}
   size_t MaxHeapSize                              = 4123000832                                {product} {ergonomic}
   size_t MinHeapDeltaBytes                        = 2097152                                   {product} {ergonomic}
   size_t MinHeapSize                              = 8388608                                   {product} {ergonomic}
    uintx NonNMethodCodeHeapSize                   = 7602480                                {pd product} {ergonomic}
    uintx NonProfiledCodeHeapSize                  = 122027880                              {pd product} {ergonomic}
    uintx ProfiledCodeHeapSize                     = 122027880                              {pd product} {ergonomic}
    uintx ReservedCodeCacheSize                    = 251658240                              {pd product} {ergonomic}
     bool SegmentedCodeCache                       = true                                      {product} {ergonomic}
   size_t SoftMaxHeapSize                          = 4123000832                             {manageable} {ergonomic}
     bool UseCompressedClassPointers               = true                           {product lp64_product} {ergonomic}
     bool UseCompressedOops                        = true                           {product lp64_product} {ergonomic}
     bool UseG1GC                                  = true                                      {product} {ergonomic}
     bool UseLargePagesIndividualAllocation        = false                                  {pd product} {ergonomic}

Logging:
Log output configuration:
 #0: stdout all=warning uptime,level,tags
 #1: stderr all=off uptime,level,tags

Environment Variables:
JAVA_HOME=C:\Program Files\Eclipse Adoptium\jdk-11.0.17.8-hotspot"
PATH=C:\Program Files\Common Files\Oracle\Java\javapath;C:\Python311\Scripts\;C:\Python311\;C:\Program Files\Eclipse Adoptium\jdk-11.0.17.8-hotspot\bin;C:\Windows\system32;C:\Windows;C:\Windows\System32\Wbem;C:\Windows\System32\WindowsPowerShell\v1.0\;C:\Windows\System32\OpenSSH\;C:\Program Files (x86)\NVIDIA Corporation\PhysX\Common;C:\Program Files\NVIDIA Corporation\NVIDIA NvDLISR;C:\Program Files\dotnet\;C:\msys64\mingw64\bin;C:\Program Files\MongoDB\Server\6.0\bin;C:\Program Files\mongosh-1.6.0-win32-x64\bin;C:\Users\ANUTOSH\AppData\Roaming\nvm;C:\Program Files\nodejs;C:\ProgramData\chocolatey\bin;C:\Program Files\spring-boot-cli-2.7.6-20221123.134010-55-bin\spring-2.7.6-SNAPSHOT\bin;C:\WINDOWS\system32;C:\WINDOWS;C:\WINDOWS\System32\Wbem;C:\WINDOWS\System32\WindowsPowerShell\v1.0\;C:\WINDOWS\System32\OpenSSH\;C:\Program Files\nodejs\;C:\ffmpeg-master-latest-win64-gpl\ffmpeg-master-latest-win64-gpl\bin;C:\Program Files\Git\cmd;C:\Users\ANUTOSH\scoop\shims;C:\Program Files\MySQL\MySQL Shell 8.0\bin\;C:\Users\ANUTOSH\AppData\Local\Microsoft\WindowsApps;C:\Users\ANUTOSH\AppData\Local\Programs\Microsoft VS Code\bin;C:\Program Files\JetBrains\PyCharm 2019.3.4\bin;C:\Program Files\MongoDB\Server\6.0\bin;C:\Users\ANUTOSH\AppData\Roaming\nvm;C:\Program Files\nodejs;C:\Program Files\spring-boot-cli-3.0.0-bin\spring-3.0.0\bin;C:\Users\ANUTOSH\AppData\Local\Microsoft\WindowsApps;C:\Program Files\apache-maven-3.8.6-bin\apache-maven-3.8.6\bin;C:\Users\ANUTOSH\AppData\Roaming\npm;C:\Program Files\JetBrains\IntelliJ IDEA Community Edition 2024.2.2\bin;;
USERNAME=ANUTOSH
OS=Windows_NT
PROCESSOR_IDENTIFIER=AMD64 Family 25 Model 80 Stepping 0, AuthenticAMD



---------------  S Y S T E M  ---------------

OS:
 Windows 11 , 64 bit Build 26100 (10.0.26100.7309)
OS uptime: 3 days 2:28 hours

CPU: total 16 (initial active 16) (16 cores per cpu, 2 threads per core) family 25 model 80 stepping 0 microcode 0xa500014, cx8, cmov, fxsr, ht, mmx, 3dnowpref, sse, sse2, sse3, ssse3, sse4a, sse4.1, sse4.2, popcnt, lzcnt, tsc, tscinvbit, avx, avx2, aes, erms, clmul, bmi1, bmi2, adx, sha, fma, vzeroupper, clflush, clflushopt

Memory: 4k page, system-wide physical 15720M (2597M free)
TotalPageFile size 31957M (AvailPageFile size 7M)
current process WorkingSet (physical memory assigned to process): 12M, peak: 12M
current process commit charge ("private bytes"): 65M, peak: 66M

vm_info: Java HotSpot(TM) 64-Bit Server VM (17.0.8+9-LTS-211) for windows-amd64 JRE (17.0.8+9-LTS-211), built on Jun 14 2023 10:34:31 by "mach5one" with MS VC++ 17.1 (VS2022)

END.
